2026-07-15T12:23:52 mpg123: mpg123_getformat() failed: Message: I am done with this track.
2026-07-15T12:23:52 mpg123: mpg123_getformat() failed: Message: I am done with this track.
2026-07-15T12:23:52 ffmpeg/mp3: Format mp3 detected only with low score of 1, misdetection possible!
2026-07-15T12:23:52 ffmpeg/mp3: Failed to find two consecutive MPEG audio frames.
2026-07-15T12:23:52 ffmpeg/mov,mp4,m4a,3gp,3g2,mj2: Format mov,mp4,m4a,3gp,3g2,mj2 detected only with low score of 1, misdetection possible!
2026-07-15T12:23:52 ffmpeg/mov,mp4,m4a,3gp,3g2,mj2: moov atom not found
2026-07-15T12:25:25 exception: No such playlist
2026-07-15T12:29:01 mpg123: mpg123_getformat() failed: Message: I am done with this track.
2026-07-15T12:29:01 mpg123: mpg123_getformat() failed: Message: I am done with this track.
2026-07-15T12:29:01 ffmpeg/mp3: Format mp3 detected only with low score of 1, misdetection possible!
2026-07-15T12:29:01 ffmpeg/mp3: Failed to find two consecutive MPEG audio frames.
2026-07-15T12:29:01 ffmpeg/mov,mp4,m4a,3gp,3g2,mj2: Format mov,mp4,m4a,3gp,3g2,mj2 detected only with low score of 1, misdetection possible!
2026-07-15T12:29:01 ffmpeg/mov,mp4,m4a,3gp,3g2,mj2: moov atom not found
2026-07-15T12:29:01 mpg123: mpg123_getformat() failed: Message: I am done with this track.
2026-07-15T12:29:01 mpg123: mpg123_getformat() failed: Message: I am done with this track.
2026-07-15T12:29:01 ffmpeg/mp3: Format mp3 detected only with low score of 1, misdetection possible!
2026-07-15T12:29:01 ffmpeg/mp3: Failed to find two consecutive MPEG audio frames.
2026-07-15T12:29:01 ffmpeg/mov,mp4,m4a,3gp,3g2,mj2: Format mov,mp4,m4a,3gp,3g2,mj2 detected only with low score of 1, misdetection possible!
2026-07-15T12:29:01 ffmpeg/mov,mp4,m4a,3gp,3g2,mj2: moov atom not found
2026-07-15T12:29:01 mpg123: mpg123_getformat() failed: Message: I am done with this track.
2026-07-15T12:29:01 mpg123: mpg123_getformat() failed: Message: I am done with this track.
2026-07-15T12:29:01 ffmpeg/mp3: Format mp3 detected only with low score of 1, misdetection possible!
2026-07-15T12:29:01 ffmpeg/mp3: Failed to find two consecutive MPEG audio frames.
2026-07-15T12:29:01 ffmpeg/mov,mp4,m4a,3gp,3g2,mj2: Format mov,mp4,m4a,3gp,3g2,mj2 detected only with low score of 1, misdetection possible!
2026-07-15T12:29:01 ffmpeg/mov,mp4,m4a,3gp,3g2,mj2: moov atom not found
2026-07-15T12:29:02 mpg123: mpg123_getformat() failed: Message: I am done with this track.
2026-07-15T12:29:02 mpg123: mpg123_getformat() failed: Message: I am done with this track.
2026-07-15T12:29:02 ffmpeg/mp3: Format mp3 detected only with low score of 1, misdetection possible!
2026-07-15T12:29:02 ffmpeg/mp3: Failed to find two consecutive MPEG audio frames.
2026-07-15T12:29:02 ffmpeg/mov,mp4,m4a,3gp,3g2,mj2: Format mov,mp4,m4a,3gp,3g2,mj2 detected only with low score of 1, misdetection possible!
2026-07-15T12:29:02 ffmpeg/mov,mp4,m4a,3gp,3g2,mj2: moov atom not found
2026-07-15T12:29:26 mpg123: mpg123_getformat() failed: Message: I am done with this track.
2026-07-15T12:29:26 mpg123: mpg123_getformat() failed: Message: I am done with this track.
2026-07-15T12:29:26 ffmpeg/mp3: Format mp3 detected only with low score of 1, misdetection possible!
2026-07-15T12:29:26 ffmpeg/mp3: Failed to find two consecutive MPEG audio frames.
2026-07-15T12:29:26 ffmpeg/mov,mp4,m4a,3gp,3g2,mj2: Format mov,mp4,m4a,3gp,3g2,mj2 detected only with low score of 1, misdetection possible!
2026-07-15T12:29:26 ffmpeg/mov,mp4,m4a,3gp,3g2,mj2: moov atom not found
2026-07-15T12:29:26 mpg123: mpg123_getformat() failed: Message: I am done with this track.
2026-07-15T12:29:26 mpg123: mpg123_getformat() failed: Message: I am done with this track.
2026-07-15T12:29:26 ffmpeg/mp3: Format mp3 detected only with low score of 1, misdetection possible!
2026-07-15T12:29:26 ffmpeg/mp3: Failed to find two consecutive MPEG audio frames.
2026-07-15T12:29:26 ffmpeg/mov,mp4,m4a,3gp,3g2,mj2: Format mov,mp4,m4a,3gp,3g2,mj2 detected only with low score of 1, misdetection possible!
2026-07-15T12:29:26 ffmpeg/mov,mp4,m4a,3gp,3g2,mj2: moov atom not found
2026-07-15T12:29:26 mpg123: mpg123_getformat() failed: Message: I am done with this track.
2026-07-15T12:29:26 mpg123: mpg123_getformat() failed: Message: I am done with this track.
2026-07-15T12:29:26 ffmpeg/mp3: Format mp3 detected only with low score of 1, misdetection possible!
2026-07-15T12:29:26 ffmpeg/mp3: Failed to find two consecutive MPEG audio frames.
2026-07-15T12:29:26 ffmpeg/mov,mp4,m4a,3gp,3g2,mj2: Format mov,mp4,m4a,3gp,3g2,mj2 detected only with low score of 1, misdetection possible!
2026-07-15T12:29:26 ffmpeg/mov,mp4,m4a,3gp,3g2,mj2: moov atom not found
2026-07-15T12:29:26 mpg123: mpg123_getformat() failed: Message: I am done with this track.
2026-07-15T12:29:26 mpg123: mpg123_getformat() failed: Message: I am done with this track.
2026-07-15T12:29:26 ffmpeg/mp3: Format mp3 detected only with low score of 1, misdetection possible!
2026-07-15T12:29:26 ffmpeg/mp3: Failed to find two consecutive MPEG audio frames.
2026-07-15T12:29:26 ffmpeg/mov,mp4,m4a,3gp,3g2,mj2: Format mov,mp4,m4a,3gp,3g2,mj2 detected only with low score of 1, misdetection possible!
2026-07-15T12:29:26 ffmpeg/mov,mp4,m4a,3gp,3g2,mj2: moov atom not found
2026-07-15T12:29:29 mpg123: mpg123_getformat() failed: Message: I am done with this track.
2026-07-15T12:29:29 mpg123: mpg123_getformat() failed: Message: I am done with this track.
2026-07-15T12:29:29 ffmpeg/mp3: Format mp3 detected only with low score of 1, misdetection possible!
2026-07-15T12:29:29 ffmpeg/mp3: Failed to find two consecutive MPEG audio frames.
2026-07-15T12:29:29 ffmpeg/mov,mp4,m4a,3gp,3g2,mj2: Format mov,mp4,m4a,3gp,3g2,mj2 detected only with low score of 1, misdetection possible!
2026-07-15T12:29:29 ffmpeg/mov,mp4,m4a,3gp,3g2,mj2: moov atom not found
2026-07-15T12:29:29 mpg123: mpg123_getformat() failed: Message: I am done with this track.
2026-07-15T12:29:29 mpg123: mpg123_getformat() failed: Message: I am done with this track.
2026-07-15T12:29:29 ffmpeg/mp3: Format mp3 detected only with low score of 1, misdetection possible!
2026-07-15T12:29:29 ffmpeg/mp3: Failed to find two consecutive MPEG audio frames.
2026-07-15T12:29:29 ffmpeg/mov,mp4,m4a,3gp,3g2,mj2: Format mov,mp4,m4a,3gp,3g2,mj2 detected only with low score of 1, misdetection possible!
2026-07-15T12:29:29 ffmpeg/mov,mp4,m4a,3gp,3g2,mj2: moov atom not found
2026-07-15T12:29:29 mpg123: mpg123_getformat() failed: Message: I am done with this track.
2026-07-15T12:29:29 mpg123: mpg123_getformat() failed: Message: I am done with this track.
2026-07-15T12:29:29 ffmpeg/mp3: Format mp3 detected only with low score of 1, misdetection possible!
2026-07-15T12:29:29 ffmpeg/mp3: Failed to find two consecutive MPEG audio frames.
2026-07-15T12:29:29 ffmpeg/mov,mp4,m4a,3gp,3g2,mj2: Format mov,mp4,m4a,3gp,3g2,mj2 detected only with low score of 1, misdetection possible!
2026-07-15T12:29:29 ffmpeg/mov,mp4,m4a,3gp,3g2,mj2: moov atom not found
2026-07-15T12:29:30 mpg123: mpg123_getformat() failed: Message: I am done with this track.
2026-07-15T12:29:30 mpg123: mpg123_getformat() failed: Message: I am done with this track.
2026-07-15T12:29:30 ffmpeg/mp3: Format mp3 detected only with low score of 1, misdetection possible!
2026-07-15T12:29:30 ffmpeg/mp3: Failed to find two consecutive MPEG audio frames.
2026-07-15T12:29:30 ffmpeg/mov,mp4,m4a,3gp,3g2,mj2: Format mov,mp4,m4a,3gp,3g2,mj2 detected only with low score of 1, misdetection possible!
2026-07-15T12:29:30 ffmpeg/mov,mp4,m4a,3gp,3g2,mj2: moov atom not found
2026-07-15T12:29:30 mpg123: mpg123_getformat() failed: Message: I am done with this track.
2026-07-15T12:29:30 mpg123: mpg123_getformat() failed: Message: I am done with this track.
2026-07-15T12:29:30 ffmpeg/mp3: Format mp3 detected only with low score of 1, misdetection possible!
2026-07-15T12:29:30 ffmpeg/mp3: Failed to find two consecutive MPEG audio frames.
2026-07-15T12:29:30 ffmpeg/mov,mp4,m4a,3gp,3g2,mj2: Format mov,mp4,m4a,3gp,3g2,mj2 detected only with low score of 1, misdetection possible!
2026-07-15T12:29:30 ffmpeg/mov,mp4,m4a,3gp,3g2,mj2: moov atom not found
2026-07-15T12:29:31 mpg123: mpg123_getformat() failed: Message: I am done with this track.
2026-07-15T12:29:31 mpg123: mpg123_getformat() failed: Message: I am done with this track.
2026-07-15T12:29:31 ffmpeg/mp3: Format mp3 detected only with low score of 1, misdetection possible!
2026-07-15T12:29:31 ffmpeg/mp3: Failed to find two consecutive MPEG audio frames.
2026-07-15T12:29:31 ffmpeg/mov,mp4,m4a,3gp,3g2,mj2: Format mov,mp4,m4a,3gp,3g2,mj2 detected only with low score of 1, misdetection possible!
2026-07-15T12:29:31 ffmpeg/mov,mp4,m4a,3gp,3g2,mj2: moov atom not found
2026-07-15T12:29:31 mpg123: mpg123_getformat() failed: Message: I am done with this track.
2026-07-15T12:29:31 mpg123: mpg123_getformat() failed: Message: I am done with this track.
2026-07-15T12:29:31 ffmpeg/mp3: Format mp3 detected only with low score of 1, misdetection possible!
2026-07-15T12:29:31 ffmpeg/mp3: Failed to find two consecutive MPEG audio frames.
2026-07-15T12:29:31 ffmpeg/mov,mp4,m4a,3gp,3g2,mj2: Format mov,mp4,m4a,3gp,3g2,mj2 detected only with low score of 1, misdetection possible!
2026-07-15T12:29:31 ffmpeg/mov,mp4,m4a,3gp,3g2,mj2: moov atom not found
2026-07-15T12:29:32 mpg123: mpg123_getformat() failed: Message: I am done with this track.
2026-07-15T12:29:32 mpg123: mpg123_getformat() failed: Message: I am done with this track.
2026-07-15T12:29:32 ffmpeg/mp3: Format mp3 detected only with low score of 1, misdetection possible!
2026-07-15T12:29:32 ffmpeg/mp3: Failed to find two consecutive MPEG audio frames.
2026-07-15T12:29:32 ffmpeg/mov,mp4,m4a,3gp,3g2,mj2: Format mov,mp4,m4a,3gp,3g2,mj2 detected only with low score of 1, misdetection possible!
2026-07-15T12:29:32 ffmpeg/mov,mp4,m4a,3gp,3g2,mj2: moov atom not found
2026-07-15T12:30:33 update: added Spotify/Dynamic Fav/Akari 燈.mp3
2026-07-15T12:30:33 update: added Spotify/Dynamic Fav/Ao no Sumika 青のすみか.mp3
2026-07-15T12:30:33 update: added Spotify/Dynamic Fav/Applause.mp3
2026-07-15T12:30:33 update: added Spotify/Dynamic Fav/As the World Caves In.mp3
2026-07-15T12:30:33 update: added Spotify/Dynamic Fav/Black Catcher.mp3
2026-07-15T12:30:33 update: added Spotify/Dynamic Fav/Can You Hear The Music.mp3
2026-07-15T12:30:33 update: added Spotify/Dynamic Fav/Emotional Crank.mp3
2026-07-15T12:30:33 update: added Spotify/Dynamic Fav/Entertain Me (with 220 KID) - Remix.mp3
2026-07-15T12:30:33 update: added Spotify/Dynamic Fav/Entertain Me.mp3
2026-07-15T12:30:33 update: added Spotify/Dynamic Fav/Grandeur.mp3
2026-07-15T12:30:33 update: added Spotify/Dynamic Fav/Greater than one.mp3
2026-07-15T12:30:33 update: added Spotify/Dynamic Fav/GTR.mp3
2026-07-15T12:30:33 update: added Spotify/Dynamic Fav/Gurenge Remix.mp3
2026-07-15T12:30:33 update: added Spotify/Dynamic Fav/Gurenge 紅蓮華.mp3
2026-07-15T12:30:33 update: added Spotify/Dynamic Fav/I Don't Wanna Go.mp3
2026-07-15T12:30:33 update: added Spotify/Dynamic Fav/Inferno インフェルノ.mp3
2026-07-15T12:30:33 update: added Spotify/Dynamic Fav/Kyouran Hey Kids!!.mp3
2026-07-15T12:30:33 update: added Spotify/Dynamic Fav/Lost Control.mp3
2026-07-15T12:30:33 update: added Spotify/Dynamic Fav/Memory Reboot.mp3
2026-07-15T12:30:33 update: added Spotify/Dynamic Fav/METAMORPHOSIS.mp3
2026-07-15T12:30:33 update: added Spotify/Dynamic Fav/Middle of the night.mp3
2026-07-15T12:30:33 update: added Spotify/Dynamic Fav/Of Solitude Past and Present.mp3
2026-07-15T12:30:33 update: added Spotify/Dynamic Fav/On My Way.mp3
2026-07-15T12:30:33 update: added Spotify/Dynamic Fav/Thunderclouds.mp3
2026-07-15T12:30:33 update: added Spotify/Dynamic Fav/Ticking.mp3
2026-07-15T12:30:33 update: added Spotify/Dynamic Fav/Tired of Talking.mp3
2026-07-15T12:30:33 update: added Spotify/Dynamic Fav/Unravel.mp3
2026-07-15T12:30:33 update: added Spotify/Dynamic Fav/Water - King Kavalier Remix.mp3
2026-07-15T12:30:33 update: added Spotify/Dynamic Fav/Young Girl A.mp3
2026-07-15T12:30:33 update: added Spotify/Good Music/Can You Hear The Music.mp3
2026-07-15T12:30:33 update: added Spotify/Good Music/Giorno's Theme.mp3
2026-07-15T12:30:33 update: added Spotify/Good Music/Macha.mp3
2026-07-15T12:30:33 update: added Spotify/Good Music/Memory Reboot.mp3
2026-07-15T12:30:33 update: added Spotify/Good Music/METAMORPHOSIS.mp3
2026-07-15T12:30:33 update: added Spotify/Good Music/Of Solitude Past and Present.mp3
2026-07-15T12:30:33 update: added Spotify/Good Music/Pixel Pig.mp3
2026-07-15T12:31:52 inotify: music directory was removed - cannot continue to watch it
2026-07-15T12:31:54 inotify: music directory was removed - cannot continue to watch it
2026-07-15T12:32:20 update: added High-Res/00 - Imogen Heap - Headlock.flac
2026-07-15T12:32:20 update: added High-Res/01 - Ado - Odoru Ponpokorin.flac
2026-07-15T12:32:20 update: added High-Res/02 - Ado - Kazarijyanainoyonamidawa.flac
2026-07-15T12:32:20 update: added High-Res/03 - Ado - Aishite Aishite Aishite.flac
2026-07-15T12:32:20 update: added High-Res/08 - Ado - unravel.flac
2026-07-15T12:32:20 update: added High-Res/09 - Ado - Ashura-chan.flac
2026-07-15T12:32:20 update: added High-Res/11 - Ado - Usseewa.flac
2026-07-15T12:32:56 pipewire_output: Decoder is too slow; playing silence to avoid xrun
2026-07-15T12:35:46 update: added High-Res/00 - Ado - Ashura-chan.flac
2026-07-15T12:36:01 update: removing High-Res/09 - Ado - Ashura-chan.flac
2026-07-15T12:39:28 player: played "High-Res/00 - Ado - Ashura-chan.flac"
2026-07-15T12:42:42 player: played "High-Res/01 - Ado - Odoru Ponpokorin.flac"
2026-07-15T12:46:18 player: played "High-Res/00 - Imogen Heap - Headlock.flac"
2026-07-15T12:50:30 player: played "High-Res/02 - Ado - Kazarijyanainoyonamidawa.flac"
2026-07-15T12:54:48 player: played "High-Res/03 - Ado - Aishite Aishite Aishite.flac"
2026-07-15T12:58:47 player: played "High-Res/08 - Ado - unravel.flac"
2026-07-15T13:03:03 player: played "High-Res/02 - Ado - Kazarijyanainoyonamidawa.flac"
2026-07-15T13:07:21 player: played "High-Res/03 - Ado - Aishite Aishite Aishite.flac"
2026-07-15T13:11:19 player: played "High-Res/08 - Ado - unravel.flac"
2026-07-15T13:14:44 player: played "High-Res/11 - Ado - Usseewa.flac"
2026-07-15T13:18:01 player: played "High-Res/00 - Ado - Ashura-chan.flac"
2026-07-15T13:21:15 player: played "High-Res/01 - Ado - Odoru Ponpokorin.flac"
2026-07-15T13:24:50 player: played "High-Res/00 - Imogen Heap - Headlock.flac"
2026-07-15T13:29:03 pipewire_output: Decoder is too slow; playing silence to avoid xrun
2026-07-15T13:29:04 pipewire_output: Decoder is too slow; playing silence to avoid xrun
2026-07-15T13:29:04 player: played "High-Res/02 - Ado - Kazarijyanainoyonamidawa.flac"
2026-07-15T13:33:17 pipewire_output: Decoder is too slow; playing silence to avoid xrun
2026-07-15T13:33:18 pipewire_output: Decoder is too slow; playing silence to avoid xrun
2026-07-15T13:33:24 pipewire_output: Decoder is too slow; playing silence to avoid xrun
2026-07-15T13:37:32 player: played "Spotify/Dynamic Fav/Tired of Talking.mp3"
2026-07-15T13:40:40 player: played "Spotify/Dynamic Fav/Greater than one.mp3"
2026-07-15T13:43:06 player: played "Spotify/Dynamic Fav/Greater than one.mp3"
2026-07-15T13:45:33 player: played "Spotify/Dynamic Fav/Greater than one.mp3"
2026-07-15T13:47:59 player: played "Spotify/Dynamic Fav/Greater than one.mp3"
2026-07-15T13:49:36 pipewire_output: Decoder is too slow; playing silence to avoid xrun
2026-07-15T13:53:16 player: played "Spotify/Dynamic Fav/Black Catcher.mp3"
2026-07-15T13:56:46 pipewire_output: Decoder is too slow; playing silence to avoid xrun
2026-07-15T13:56:46 player: played "Spotify/Dynamic Fav/Memory Reboot.mp3"
2026-07-15T13:59:56 player: played "Spotify/Dynamic Fav/Entertain Me.mp3"
2026-07-15T14:03:09 pipewire_output: Decoder is too slow; playing silence to avoid xrun
2026-07-15T14:03:10 player: played "Spotify/Dynamic Fav/Entertain Me (with 220 KID) - Remix.mp3"
2026-07-15T21:02:53 player: played "Spotify/Dynamic Fav/Water - King Kavalier Remix.mp3"
2026-07-15T21:08:02 player: played "Spotify/Dynamic Fav/Gurenge 紅蓮華.mp3"
2026-07-15T21:11:57 player: played "Spotify/Dynamic Fav/Gurenge Remix.mp3"
2026-07-15T21:13:47 player: played "Spotify/Dynamic Fav/Can You Hear The Music.mp3"
2026-07-15T21:17:41 player: played "Spotify/Dynamic Fav/Tired of Talking.mp3"
2026-07-15T21:21:22 player: played "Spotify/Dynamic Fav/Inferno インフェルノ.mp3"
2026-07-15T21:24:02 player: played "Spotify/Dynamic Fav/As the World Caves In.mp3"
2026-07-15T21:27:13 player: played "Spotify/Dynamic Fav/Ticking.mp3"
2026-07-15T21:33:46 pipewire_output: Decoder is too slow; playing silence to avoid xrun
2026-07-15T21:33:46 pipewire_output: Decoder is too slow; playing silence to avoid xrun
2026-07-15T21:35:32 pipewire_output: Decoder is too slow; playing silence to avoid xrun
2026-07-15T21:35:33 pipewire_output: Decoder is too slow; playing silence to avoid xrun
2026-07-15T21:35:33 player: played "Spotify/Good Music/Pixel Pig.mp3"
2026-07-15T21:37:57 pipewire_output: Decoder is too slow; playing silence to avoid xrun
2026-07-15T21:37:57 player: played "Spotify/Good Music/METAMORPHOSIS.mp3"
2026-07-15T21:39:25 pipewire_output: Decoder is too slow; playing silence to avoid xrun
2026-07-15T21:39:47 pipewire_output: Decoder is too slow; playing silence to avoid xrun
2026-07-15T21:39:48 pipewire_output: Decoder is too slow; playing silence to avoid xrun
2026-07-15T21:39:48 player: played "Spotify/Good Music/Can You Hear The Music.mp3"
2026-07-15T21:43:50 player: played "Spotify/Good Music/Giorno's Theme.mp3"
2026-07-15T21:47:20 player: played "Spotify/Good Music/Memory Reboot.mp3"
2026-07-15T21:54:47 player: played "Spotify/Good Music/METAMORPHOSIS.mp3"
2026-07-15T21:56:38 player: played "Spotify/Good Music/Can You Hear The Music.mp3"
2026-07-15T21:58:36 player: played "Spotify/Good Music/Macha.mp3"
2026-07-15T22:02:35 pipewire_output: Decoder is too slow; playing silence to avoid xrun
2026-07-15T22:02:35 player: played "Spotify/Good Music/Of Solitude Past and Present.mp3"
2026-07-15T22:02:40 player: played "Spotify/Good Music/Giorno's Theme.mp3"
2026-07-15T22:38:21 player: played "High-Res/02 - Ado - Kazarijyanainoyonamidawa.flac"
2026-07-15T22:44:29 player: played "High-Res/02 - Ado - Kazarijyanainoyonamidawa.flac"
2026-07-16T00:48:21 output: Failed to play on "PipeWire Sound Server" (pipewire): no target node available
2026-07-16T00:50:47 pipewire_output: Decoder is too slow; playing silence to avoid xrun
2026-07-16T00:50:47 player: played "High-Res/02 - Ado - Kazarijyanainoyonamidawa.flac"
2026-07-16T00:55:05 player: played "High-Res/03 - Ado - Aishite Aishite Aishite.flac"
2026-07-16T00:59:03 player: played "High-Res/08 - Ado - unravel.flac"
2026-07-16T01:02:29 player: played "High-Res/11 - Ado - Usseewa.flac"
2026-07-16T13:08:59 player: played "High-Res/02 - Ado - Kazarijyanainoyonamidawa.flac"
2026-07-16T13:25:43 player: played "High-Res/08 - Ado - unravel.flac"
2026-07-16T13:29:08 player: played "High-Res/11 - Ado - Usseewa.flac"
2026-07-16T14:17:39 player: played "High-Res/02 - Ado - Kazarijyanainoyonamidawa.flac"
2026-07-16T14:21:57 player: played "High-Res/03 - Ado - Aishite Aishite Aishite.flac"
2026-07-16T14:25:55 player: played "High-Res/08 - Ado - unravel.flac"
2026-07-16T14:29:21 player: played "High-Res/11 - Ado - Usseewa.flac"
2026-07-16T20:04:12 player: played "High-Res/00 - Ado - Ashura-chan.flac"
2026-07-16T20:07:26 player: played "High-Res/01 - Ado - Odoru Ponpokorin.flac"
2026-07-16T20:11:02 player: played "High-Res/00 - Imogen Heap - Headlock.flac"
2026-07-16T20:15:15 player: played "High-Res/02 - Ado - Kazarijyanainoyonamidawa.flac"
2026-07-16T20:19:33 player: played "High-Res/03 - Ado - Aishite Aishite Aishite.flac"
2026-07-16T20:23:31 player: played "High-Res/08 - Ado - unravel.flac"
2026-07-16T20:26:56 player: played "High-Res/11 - Ado - Usseewa.flac"
2026-07-16T22:22:15 pipewire_output: Decoder is too slow; playing silence to avoid xrun
2026-07-16T22:34:29 player: played "High-Res/02 - Ado - Kazarijyanainoyonamidawa.flac"
2026-07-16T22:34:53 player: played "Spotify/Dynamic Fav/I Don't Wanna Go.mp3"
2026-07-16T22:37:57 pipewire_output: Decoder is too slow; playing silence to avoid xrun
2026-07-16T22:37:57 player: played "Spotify/Dynamic Fav/I Don't Wanna Go.mp3"
2026-07-16T22:41:13 player: played "Spotify/Dynamic Fav/Thunderclouds.mp3"
2026-07-16T22:43:53 player: played "Spotify/Dynamic Fav/Applause.mp3"
2026-07-16T22:43:53 pipewire_output: Decoder is too slow; playing silence to avoid xrun
2026-07-16T22:48:02 player: played "Spotify/Dynamic Fav/Akari 燈.mp3"
2026-07-16T22:52:28 player: played "Spotify/Dynamic Fav/Kyouran Hey Kids!!.mp3"
2026-07-16T22:56:32 player: played "Spotify/Dynamic Fav/Unravel.mp3"
2026-07-16T22:56:32 pipewire_output: Decoder is too slow; playing silence to avoid xrun
2026-07-16T23:09:01 player: played "Spotify/Dynamic Fav/Emotional Crank.mp3"
2026-07-16T23:12:38 player: played "Spotify/Dynamic Fav/On My Way.mp3"
2026-07-16T23:15:04 player: played "Spotify/Dynamic Fav/Greater than one.mp3"
2026-07-16T23:16:55 player: played "Spotify/Dynamic Fav/Can You Hear The Music.mp3"
2026-07-16T23:19:03 player: played "Spotify/Dynamic Fav/GTR.mp3"
2026-07-16T23:22:13 player: played "Spotify/Dynamic Fav/Middle of the night.mp3"
2026-07-16T23:27:21 player: played "Spotify/Dynamic Fav/GTR.mp3"
2026-07-16T23:31:17 player: played "Spotify/Dynamic Fav/Gurenge 紅蓮華.mp3"
2026-07-16T23:35:16 player: played "Spotify/Dynamic Fav/Of Solitude Past and Present.mp3"
2026-07-16T23:39:19 player: played "Spotify/Dynamic Fav/Young Girl A.mp3"
2026-07-16T23:43:00 player: played "Spotify/Dynamic Fav/Inferno インフェルノ.mp3"
2026-07-16T23:45:23 pipewire_output: Decoder is too slow; playing silence to avoid xrun
2026-07-16T23:45:23 player: played "Spotify/Dynamic Fav/METAMORPHOSIS.mp3"
2026-07-16T23:48:36 player: played "Spotify/Dynamic Fav/Entertain Me (with 220 KID) - Remix.mp3"
2026-07-16T23:51:46 player: played "Spotify/Dynamic Fav/Entertain Me.mp3"
2026-07-16T23:55:28 player: played "Spotify/Dynamic Fav/Lost Control.mp3"
2026-07-16T23:58:59 pipewire_output: Decoder is too slow; playing silence to avoid xrun
2026-07-16T23:58:59 player: played "Spotify/Dynamic Fav/Memory Reboot.mp3"
2026-07-17T00:02:32 player: played "Spotify/Dynamic Fav/Grandeur.mp3"
2026-07-17T00:05:53 player: played "Spotify/Dynamic Fav/Ao no Sumika 青のすみか.mp3"
2026-07-17T00:09:47 player: played "Spotify/Dynamic Fav/Tired of Talking.mp3"
2026-07-17T00:12:27 player: played "Spotify/Dynamic Fav/As the World Caves In.mp3"
2026-07-17T00:17:00 player: played "Spotify/Dynamic Fav/Ticking.mp3"
2026-07-17T00:20:00 player: played "Spotify/Dynamic Fav/Water - King Kavalier Remix.mp3"
2026-07-17T00:23:55 player: played "Spotify/Dynamic Fav/Gurenge Remix.mp3"
2026-07-17T00:26:35 player: played "Spotify/Dynamic Fav/As the World Caves In.mp3"
2026-07-17T00:29:25 pipewire_output: Decoder is too slow; playing silence to avoid xrun
2026-07-17T00:29:25 player: played "Spotify/Dynamic Fav/I Don't Wanna Go.mp3"
2026-07-17T00:41:55 player: played "Spotify/Dynamic Fav/Emotional Crank.mp3"
2026-07-17T00:45:13 player: played "Spotify/Dynamic Fav/Black Catcher.mp3"
2026-07-17T00:48:56 player: played "Spotify/Dynamic Fav/Lost Control.mp3"
2026-07-17T00:51:55 player: played "Spotify/Dynamic Fav/Water - King Kavalier Remix.mp3"
2026-07-17T00:54:21 player: played "Spotify/Dynamic Fav/Greater than one.mp3"
2026-07-17T01:21:44 exception: No such song
2026-07-17T01:21:44 exception: No such song
2026-07-17T01:21:44 exception: No such song
2026-07-17T01:21:44 exception: No such song
2026-07-17T01:21:50 player: played "Spotify/Dynamic Fav/Young Girl A.mp3"
2026-07-17T01:26:15 player: played "High-Res/02 - Ado - Kazarijyanainoyonamidawa.flac"
2026-07-17T01:29:29 player: played "High-Res/01 - Ado - Odoru Ponpokorin.flac"
2026-07-17T01:33:47 player: played "High-Res/03 - Ado - Aishite Aishite Aishite.flac"
2026-07-17T01:37:23 player: played "High-Res/00 - Imogen Heap - Headlock.flac"
2026-07-17T03:15:04 pipewire_output: Decoder is too slow; playing silence to avoid xrun
2026-07-17T06:56:53 player: played "High-Res/00 - Ado - Ashura-chan.flac"
2026-07-17T19:06:30 player: played "High-Res/00 - Ado - Ashura-chan.flac"
2026-07-17T19:36:10 player: played "High-Res/00 - Ado - Ashura-chan.flac"
2026-07-18T00:50:49 player: played "High-Res/00 - Ado - Ashura-chan.flac"
2026-07-18T00:54:03 player: played "High-Res/01 - Ado - Odoru Ponpokorin.flac"
2026-07-18T00:56:32 player: played "High-Res/02 - Ado - Kazarijyanainoyonamidawa.flac"
2026-07-18T00:57:10 output: Failed to play on "PipeWire Sound Server" (pipewire): no target node available
2026-07-18T00:57:37 pipewire_output: Decoder is too slow; playing silence to avoid xrun
2026-07-18T00:58:37 player: played "High-Res/02 - Ado - Kazarijyanainoyonamidawa.flac"
2026-07-18T00:59:17 output: Failed to play on "PipeWire Sound Server" (pipewire): no target node available
2026-07-18T01:00:14 pipewire_output: Decoder is too slow; playing silence to avoid xrun
2026-07-18T01:03:00 player: played "High-Res/11 - Ado - Usseewa.flac"
2026-07-18T01:03:18 pipewire_output: Decoder is too slow; playing silence to avoid xrun
2026-07-18T01:05:38 player: played "High-Res/03 - Ado - Aishite Aishite Aishite.flac"
2026-07-18T01:22:28 player: played "High-Res/03 - Ado - Aishite Aishite Aishite.flac"
2026-07-18T01:25:28 player: played "High-Res/03 - Ado - Aishite Aishite Aishite.flac"
2026-07-18T01:27:47 player: played "High-Res/03 - Ado - Aishite Aishite Aishite.flac"
2026-07-18T01:28:44 player: played "High-Res/03 - Ado - Aishite Aishite Aishite.flac"
2026-07-18T11:57:23 player: played "High-Res/03 - Ado - Aishite Aishite Aishite.flac"
2026-07-18T19:54:12 player: played "High-Res/03 - Ado - Aishite Aishite Aishite.flac"
2026-07-18T19:57:27 player: played "High-Res/01 - Ado - Odoru Ponpokorin.flac"
2026-07-18T20:00:52 player: played "High-Res/11 - Ado - Usseewa.flac"
2026-07-18T20:04:08 player: played "High-Res/00 - Ado - Ashura-chan.flac"
2026-07-18T20:07:44 player: played "High-Res/00 - Imogen Heap - Headlock.flac"
2026-07-18T20:12:02 player: played "High-Res/03 - Ado - Aishite Aishite Aishite.flac"
2026-07-18T20:16:14 player: played "High-Res/02 - Ado - Kazarijyanainoyonamidawa.flac"
2026-07-18T20:19:40 player: played "High-Res/11 - Ado - Usseewa.flac"
2026-07-18T20:22:56 player: played "High-Res/00 - Ado - Ashura-chan.flac"
2026-07-18T20:26:10 player: played "High-Res/01 - Ado - Odoru Ponpokorin.flac"
2026-07-18T20:30:09 player: played "High-Res/08 - Ado - unravel.flac"
2026-07-18T20:34:21 player: played "High-Res/02 - Ado - Kazarijyanainoyonamidawa.flac"
2026-07-18T20:38:20 player: played "High-Res/08 - Ado - unravel.flac"
2026-07-18T20:41:55 player: played "High-Res/00 - Imogen Heap - Headlock.flac"
2026-07-18T20:46:08 player: played "High-Res/02 - Ado - Kazarijyanainoyonamidawa.flac"
2026-07-18T20:49:33 player: played "High-Res/11 - Ado - Usseewa.flac"
2026-07-18T20:53:51 player: played "High-Res/03 - Ado - Aishite Aishite Aishite.flac"
2026-07-18T20:57:08 player: played "High-Res/00 - Ado - Ashura-chan.flac"
2026-07-18T20:57:08 pipewire_output: Decoder is too slow; playing silence to avoid xrun
2026-07-18T21:00:33 player: played "High-Res/11 - Ado - Usseewa.flac"
2026-07-18T21:03:48 player: played "High-Res/01 - Ado - Odoru Ponpokorin.flac"
2026-07-18T21:08:00 player: played "High-Res/02 - Ado - Kazarijyanainoyonamidawa.flac"
2026-07-18T21:11:59 player: played "High-Res/08 - Ado - unravel.flac"
2026-07-18T21:15:57 player: played "High-Res/08 - Ado - unravel.flac"
2026-07-18T21:19:12 player: played "High-Res/01 - Ado - Odoru Ponpokorin.flac"
2026-07-18T21:23:24 player: played "High-Res/02 - Ado - Kazarijyanainoyonamidawa.flac"
2026-07-18T21:26:40 player: played "High-Res/00 - Ado - Ashura-chan.flac"
2026-07-18T21:30:39 player: played "High-Res/08 - Ado - unravel.flac"
2026-07-18T21:34:14 player: played "High-Res/00 - Imogen Heap - Headlock.flac"
2026-07-19T06:55:47 player: played "High-Res/08 - Ado - unravel.flac"
2026-07-19T07:58:41 player: played "High-Res/08 - Ado - unravel.flac"
2026-07-19T14:23:01 player: played "High-Res/08 - Ado - unravel.flac"
2026-07-19T15:01:36 pipewire_output: Decoder is too slow; playing silence to avoid xrun
2026-07-19T15:01:36 player: played "High-Res/08 - Ado - unravel.flac"
2026-07-19T15:06:09 player: played "Spotify/Dynamic Fav/Ticking.mp3"
2026-07-19T15:09:43 player: played "Spotify/Dynamic Fav/Grandeur.mp3"
